Using pre-set license
Built from '2022.3/staging' branch; Version is '2022.3.19f1 (244b723c30a6) revision 2378610'; Using compiler version '192829333'; Build Type 'Release'
OS: 'Windows 10  (10.0.19045) 64bit Professional' Language: 'tr' Physical Memory: 32544 MB
BatchMode: 1, IsHumanControllingUs: 0, StartBugReporterOnCrash: 0, Is64bit: 1, IsPro: 1

COMMAND LINE ARGUMENTS:
C:\Program Files\Unity\Hub\Editor\2022.3.19f1\Editor\Unity.exe
-adb2
-batchMode
-noUpm
-name
AssetImportWorker3
-projectPath
C:/Users/frust/Desktop/GitHub/factory101/Factory101
-logFile
Logs/AssetImportWorker3.log
-srvPort
55994
Successfully changed project path to: C:/Users/frust/Desktop/GitHub/factory101/Factory101
C:/Users/frust/Desktop/GitHub/factory101/Factory101
[UnityMemory] Configuration Parameters - Can be set up in boot.config
    "memorysetup-bucket-allocator-granularity=16"
    "memorysetup-bucket-allocator-bucket-count=8"
    "memorysetup-bucket-allocator-block-size=33554432"
    "memorysetup-bucket-allocator-block-count=8"
    "memorysetup-main-allocator-block-size=16777216"
    "memorysetup-thread-allocator-block-size=16777216"
    "memorysetup-gfx-main-allocator-block-size=16777216"
    "memorysetup-gfx-thread-allocator-block-size=16777216"
    "memorysetup-cache-allocator-block-size=4194304"
    "memorysetup-typetree-allocator-block-size=2097152"
    "memorysetup-profiler-bucket-allocator-granularity=16"
    "memorysetup-profiler-bucket-allocator-bucket-count=8"
    "memorysetup-profiler-bucket-allocator-block-size=33554432"
    "memorysetup-profiler-bucket-allocator-block-count=8"
    "memorysetup-profiler-allocator-block-size=16777216"
    "memorysetup-profiler-editor-allocator-block-size=1048576"
    "memorysetup-temp-allocator-size-main=16777216"
    "memorysetup-job-temp-allocator-block-size=2097152"
    "memorysetup-job-temp-allocator-block-size-background=1048576"
    "memorysetup-job-temp-allocator-reduction-small-platforms=262144"
    "memorysetup-allocator-temp-initial-block-size-main=262144"
    "memorysetup-allocator-temp-initial-block-size-worker=262144"
    "memorysetup-temp-allocator-size-background-worker=32768"
    "memorysetup-temp-allocator-size-job-worker=262144"
    "memorysetup-temp-allocator-size-preload-manager=33554432"
    "memorysetup-temp-allocator-size-nav-mesh-worker=65536"
    "memorysetup-temp-allocator-size-audio-worker=65536"
    "memorysetup-temp-allocator-size-cloud-worker=32768"
    "memorysetup-temp-allocator-size-gi-baking-worker=262144"
    "memorysetup-temp-allocator-size-gfx=262144"
Player connection [6000] Host "[IP] 192.168.1.36 [Port] 0 [Flags] 2 [Guid] 1300432964 [EditorId] 1300432964 [Version] 1048832 [Id] WindowsEditor(7,DESKTOP-UBS1OB4) [Debug] 1 [PackageName] WindowsEditor [ProjectName] Editor" joined multi-casting on [225.0.0.222:54997]...

Player connection [6000] Host "[IP] 192.168.1.36 [Port] 0 [Flags] 2 [Guid] 1300432964 [EditorId] 1300432964 [Version] 1048832 [Id] WindowsEditor(7,DESKTOP-UBS1OB4) [Debug] 1 [PackageName] WindowsEditor [ProjectName] Editor" joined alternative multi-casting on [225.0.0.222:34997]...

[Physics::Module] Initialized MultithreadedJobDispatcher with 11 workers.
Refreshing native plugins compatible for Editor in 14.29 ms, found 4 plugins.
Preloading 0 native plugins for Editor in 0.00 ms.
Initialize engine version: 2022.3.19f1 (244b723c30a6)
[Subsystems] Discovering subsystems at path C:/Program Files/Unity/Hub/Editor/2022.3.19f1/Editor/Data/Resources/UnitySubsystems
[Subsystems] Discovering subsystems at path C:/Users/frust/Desktop/GitHub/factory101/Factory101/Assets
GfxDevice: creating device client; threaded=0; jobified=0
Direct3D:
    Version:  Direct3D 11.0 [level 11.1]
    Renderer: NVIDIA GeForce GTX 1650 Ti (ID=0x1f95)
    Vendor:   NVIDIA
    VRAM:     3950 MB
    Driver:   31.0.15.4626
Initialize mono
Mono path[0] = 'C:/Program Files/Unity/Hub/Editor/2022.3.19f1/Editor/Data/Managed'
Mono path[1] = 'C:/Program Files/Unity/Hub/Editor/2022.3.19f1/Editor/Data/MonoBleedingEdge/lib/mono/unityjit-win32'
Mono config path = 'C:/Program Files/Unity/Hub/Editor/2022.3.19f1/Editor/Data/MonoBleedingEdge/etc'
Using monoOptions --debugger-agent=transport=dt_socket,embedding=1,server=y,suspend=n,address=127.0.0.1:56972
Begin MonoManager ReloadAssembly
Registering precompiled unity dll's ...
Register platform support module: C:/Program Files/Unity/Hub/Editor/2022.3.19f1/Editor/Data/PlaybackEngines/AndroidPlayer/UnityEditor.Android.Extensions.dll
Register platform support module: C:/Program Files/Unity/Hub/Editor/2022.3.19f1/Editor/Data/PlaybackEngines/WindowsStandaloneSupport/UnityEditor.WindowsStandalone.Extensions.dll
Registered in 0.013581 seconds.
- Loaded All Assemblies, in  0.382 seconds
Native extension for WindowsStandalone target not found
Native extension for Android target not found
Android Extension - Scanning For ADB Devices 238 ms
Mono: successfully reloaded assembly
- Finished resetting the current domain, in  0.575 seconds
Domain Reload Profiling: 954ms
	BeginReloadAssembly (111ms)
		ExecutionOrderSort (0ms)
		DisableScriptedObjects (0ms)
		BackupInstance (0ms)
		ReleaseScriptingObjects (0ms)
		CreateAndSetChildDomain (1ms)
	RebuildCommonClasses (35ms)
	RebuildNativeTypeToScriptingClass (11ms)
	initialDomainReloadingComplete (68ms)
	LoadAllAssembliesAndSetupDomain (154ms)
		LoadAssemblies (108ms)
		RebuildTransferFunctionScriptingTraits (0ms)
		AnalyzeDomain (151ms)
			TypeCache.Refresh (150ms)
				TypeCache.ScanAssembly (136ms)
			ScanForSourceGeneratedMonoScriptInfo (0ms)
			ResolveRequiredComponents (0ms)
	FinalizeReload (575ms)
		ReleaseScriptCaches (0ms)
		RebuildScriptCaches (0ms)
		SetupLoadedEditorAssemblies (518ms)
			LogAssemblyErrors (0ms)
			InitializePlatformSupportModulesInManaged (352ms)
			SetLoadedEditorAssemblies (4ms)
			RefreshPlugins (0ms)
			BeforeProcessingInitializeOnLoad (3ms)
			ProcessInitializeOnLoadAttributes (115ms)
			ProcessInitializeOnLoadMethodAttributes (45ms)
			AfterProcessingInitializeOnLoad (0ms)
			EditorAssembliesLoaded (0ms)
		ExecutionOrderSort2 (0ms)
		AwakeInstancesAfterBackupRestoration (0ms)
========================================================================
Worker process is ready to serve import requests
Begin MonoManager ReloadAssembly
- Loaded All Assemblies, in  0.685 seconds
Refreshing native plugins compatible for Editor in 5.41 ms, found 4 plugins.
Native extension for WindowsStandalone target not found
Native extension for Android target not found
Package Manager log level set to [2]
[Package Manager] Server::EnsureServerProcessIsRunning -- launch failed, reason: Unity was launched with the -noUpm command-line argument
[Package Manager] UpmClient::Send -- Unable to send message (not connected to UPM process).
[Package Manager] Cannot connect to Unity Package Manager local server
Mono: successfully reloaded assembly
- Finished resetting the current domain, in  0.646 seconds
Domain Reload Profiling: 1326ms
	BeginReloadAssembly (152ms)
		ExecutionOrderSort (0ms)
		DisableScriptedObjects (6ms)
		BackupInstance (0ms)
		ReleaseScriptingObjects (0ms)
		CreateAndSetChildDomain (22ms)
	RebuildCommonClasses (37ms)
	RebuildNativeTypeToScriptingClass (12ms)
	initialDomainReloadingComplete (48ms)
	LoadAllAssembliesAndSetupDomain (431ms)
		LoadAssemblies (335ms)
		RebuildTransferFunctionScriptingTraits (0ms)
		AnalyzeDomain (185ms)
			TypeCache.Refresh (157ms)
				TypeCache.ScanAssembly (138ms)
			ScanForSourceGeneratedMonoScriptInfo (21ms)
			ResolveRequiredComponents (6ms)
	FinalizeReload (647ms)
		ReleaseScriptCaches (0ms)
		RebuildScriptCaches (0ms)
		SetupLoadedEditorAssemblies (481ms)
			LogAssemblyErrors (0ms)
			InitializePlatformSupportModulesInManaged (26ms)
			SetLoadedEditorAssemblies (5ms)
			RefreshPlugins (0ms)
			BeforeProcessingInitializeOnLoad (81ms)
			ProcessInitializeOnLoadAttributes (326ms)
			ProcessInitializeOnLoadMethodAttributes (33ms)
			AfterProcessingInitializeOnLoad (10ms)
			EditorAssembliesLoaded (0ms)
		ExecutionOrderSort2 (0ms)
		AwakeInstancesAfterBackupRestoration (6ms)
Launched and connected shader compiler UnityShaderCompiler.exe after 0.04 seconds
Refreshing native plugins compatible for Editor in 5.76 ms, found 4 plugins.
Preloading 0 native plugins for Editor in 0.00 ms.
Unloading 4103 Unused Serialized files (Serialized files now loaded: 0)
Unloading 64 unused Assets / (61.1 KB). Loaded Objects now: 4568.
Memory consumption went from 155.4 MB to 155.3 MB.
Total: 3.343300 ms (FindLiveObjects: 0.315000 ms CreateObjectMapping: 0.309300 ms MarkObjects: 2.593500 ms  DeleteObjects: 0.125000 ms)

AssetImportParameters requested are different than current active one (requested -> active):
  custom:container-demuxer-ogg: 62fdf1f143b41e24485cea50d1cbac27 -> 
  custom:video-decoder-ogg-theora: a1e56fd34408186e4bbccfd4996cb3dc -> 
  custom:framework-win-MediaFoundation: 216162199b28c13a410421893ffa2e32 -> 
  custom:CustomObjectIndexerAttribute: 6d391050e5a25f67b0a2c618074f2cd9 -> 
  custom:container-demuxer-webm: 4f35f7cbe854078d1ac9338744f61a02 -> 
  custom:container-muxer-webm: aa71ff27fc2769a1b78a27578f13a17b -> 
  custom:video-decoder-webm-vp8: 9c59270c3fd7afecdb556c50c9e8de78 -> 
  custom:SearchIndexIgnoredProperties: e643bd26f0fe6173181afceb89e7c659 -> 
  custom:AudioImporter_EditorPlatform: d09bf68614088b80899f8185d706f6e7 -> 
  custom:video-encoder-webm-vp8: eb34c28f22e8b96e1ab97ce403110664 -> 
  custom:audio-decoder-ogg-vorbis: bf7c407c2cedff20999df2af8eb42d56 -> 
  custom:audio-encoder-webm-vorbis: bf7c407c2cedff20999df2af8eb42d56 -> 
========================================================================
Received Import Request.
  Time since last request: 76054.871414 seconds.
  path: Assets/Visuals/Extra Clean UI/Demo/Demo3.png
  artifactKey: Guid(5b3acf25d521827448acf50f7b8bf4a5) Importer(815301076,1909f56bfc062723c751e8b465ee728b)
Start importing Assets/Visuals/Extra Clean UI/Demo/Demo3.png using Guid(5b3acf25d521827448acf50f7b8bf4a5) Importer(815301076,1909f56bfc062723c751e8b465ee728b)  -> (artifact id: 'bef8911b076b9567297f82adc8de688b') in 0.088375 seconds
Number of updated asset objects reloaded before import = 0
Number of asset objects unloaded after import = 3
========================================================================
Received Import Request.
  Time since last request: 19.018868 seconds.
  path: Assets/Visuals/Extra Clean UI/BlueTable2.png
  artifactKey: Guid(e71decc7ba867fe4bb55dca9bdae468b) Importer(815301076,1909f56bfc062723c751e8b465ee728b)
Start importing Assets/Visuals/Extra Clean UI/BlueTable2.png using Guid(e71decc7ba867fe4bb55dca9bdae468b) Importer(815301076,1909f56bfc062723c751e8b465ee728b)  -> (artifact id: '0c31bcbede89a4b6e47ca222bc0b08b1') in 0.039973 seconds
Number of updated asset objects reloaded before import = 0
Number of asset objects unloaded after import = 3
========================================================================
Received Import Request.
  Time since last request: 0.000017 seconds.
  path: Assets/Visuals/Extra Clean UI/BlueWave.png
  artifactKey: Guid(75728578676497647b9908c4652238ef) Importer(815301076,1909f56bfc062723c751e8b465ee728b)
Start importing Assets/Visuals/Extra Clean UI/BlueWave.png using Guid(75728578676497647b9908c4652238ef) Importer(815301076,1909f56bfc062723c751e8b465ee728b)  -> (artifact id: '26e91e3b8b11d0f677cf089d258918bf') in 0.026688 seconds
Number of updated asset objects reloaded before import = 0
Number of asset objects unloaded after import = 3
========================================================================
Received Import Request.
  Time since last request: 0.000018 seconds.
  path: Assets/Visuals/Extra Clean UI/GreenWave2.png
  artifactKey: Guid(99b1f0eece677bb4eb2a53a7c5e94942) Importer(815301076,1909f56bfc062723c751e8b465ee728b)
Start importing Assets/Visuals/Extra Clean UI/GreenWave2.png using Guid(99b1f0eece677bb4eb2a53a7c5e94942) Importer(815301076,1909f56bfc062723c751e8b465ee728b)  -> (artifact id: '75bdd1c2bb93f0a5776020f7bef78c15') in 0.023354 seconds
Number of updated asset objects reloaded before import = 0
Number of asset objects unloaded after import = 3
========================================================================
Received Import Request.
  Time since last request: 0.000014 seconds.
  path: Assets/Visuals/Extra Clean UI/GreenTable2.png
  artifactKey: Guid(f52cbbd83b018dc4b9fe0ad9348b6cc3) Importer(815301076,1909f56bfc062723c751e8b465ee728b)
Start importing Assets/Visuals/Extra Clean UI/GreenTable2.png using Guid(f52cbbd83b018dc4b9fe0ad9348b6cc3) Importer(815301076,1909f56bfc062723c751e8b465ee728b)  -> (artifact id: 'fc18c8bed898a86744d8a56504de7026') in 0.027854 seconds
Number of updated asset objects reloaded before import = 0
Number of asset objects unloaded after import = 3
========================================================================
Received Import Request.
  Time since last request: 0.003543 seconds.
  path: Assets/Visuals/Extra Clean UI/Red.png
  artifactKey: Guid(2bfa2e343e9d062489cec3f0273a2a48) Importer(815301076,1909f56bfc062723c751e8b465ee728b)
Start importing Assets/Visuals/Extra Clean UI/Red.png using Guid(2bfa2e343e9d062489cec3f0273a2a48) Importer(815301076,1909f56bfc062723c751e8b465ee728b)  -> (artifact id: 'c3ca0b4273dc38c67a9596cfa7a52194') in 0.023509 seconds
Number of updated asset objects reloaded before import = 0
Number of asset objects unloaded after import = 3
========================================================================
Received Import Request.
  Time since last request: 0.000039 seconds.
  path: Assets/Visuals/Extra Clean UI/RedTable2.png
  artifactKey: Guid(280729b8535f8c44d8b4b63281b30a02) Importer(815301076,1909f56bfc062723c751e8b465ee728b)
Start importing Assets/Visuals/Extra Clean UI/RedTable2.png using Guid(280729b8535f8c44d8b4b63281b30a02) Importer(815301076,1909f56bfc062723c751e8b465ee728b)  -> (artifact id: 'c2aec63454a32714eba88628c5cac6ad') in 0.024463 seconds
Number of updated asset objects reloaded before import = 0
Number of asset objects unloaded after import = 3
========================================================================
Received Import Request.
  Time since last request: 0.034393 seconds.
  path: Assets/Visuals/Extra Clean UI/RoundBluePressed.png
  artifactKey: Guid(87f372378da3f664ab1e207a3aeee081) Importer(815301076,1909f56bfc062723c751e8b465ee728b)
Start importing Assets/Visuals/Extra Clean UI/RoundBluePressed.png using Guid(87f372378da3f664ab1e207a3aeee081) Importer(815301076,1909f56bfc062723c751e8b465ee728b)  -> (artifact id: '00a4fb50afb2260018429d4597c357e9') in 0.028365 seconds
Number of updated asset objects reloaded before import = 0
Number of asset objects unloaded after import = 3
========================================================================
Received Import Request.
  Time since last request: 0.000016 seconds.
  path: Assets/Visuals/Extra Clean UI/RoundTurqoisePressed.png
  artifactKey: Guid(41387ce22fe008f4baaedd4fb38f040c) Importer(815301076,1909f56bfc062723c751e8b465ee728b)
Start importing Assets/Visuals/Extra Clean UI/RoundTurqoisePressed.png using Guid(41387ce22fe008f4baaedd4fb38f040c) Importer(815301076,1909f56bfc062723c751e8b465ee728b)  -> (artifact id: 'f93f579ead7b2ce486e70ef2aa1c37fd') in 0.026649 seconds
Number of updated asset objects reloaded before import = 0
Number of asset objects unloaded after import = 3
========================================================================
Received Import Request.
  Time since last request: 0.000017 seconds.
  path: Assets/Visuals/Extra Clean UI/ShapedTurqoiseLong.png
  artifactKey: Guid(4d403f9f00803444ea682510cb7b2a99) Importer(815301076,1909f56bfc062723c751e8b465ee728b)
Start importing Assets/Visuals/Extra Clean UI/ShapedTurqoiseLong.png using Guid(4d403f9f00803444ea682510cb7b2a99) Importer(815301076,1909f56bfc062723c751e8b465ee728b)  -> (artifact id: '010bd1b218783a36742f4a33cc0ac66a') in 0.026484 seconds
Number of updated asset objects reloaded before import = 0
Number of asset objects unloaded after import = 3
========================================================================
Received Import Request.
  Time since last request: 0.000013 seconds.
  path: Assets/Visuals/Extra Clean UI/RoundRed.png
  artifactKey: Guid(9dcfc3af7ae4ec0448297c9a92d28e57) Importer(815301076,1909f56bfc062723c751e8b465ee728b)
Start importing Assets/Visuals/Extra Clean UI/RoundRed.png using Guid(9dcfc3af7ae4ec0448297c9a92d28e57) Importer(815301076,1909f56bfc062723c751e8b465ee728b)  -> (artifact id: 'ee6484214020001c0ccc40038db5420f') in 0.025257 seconds
Number of updated asset objects reloaded before import = 0
Number of asset objects unloaded after import = 3
========================================================================
Received Import Request.
  Time since last request: 0.000018 seconds.
  path: Assets/Visuals/Extra Clean UI/ShapedBlueLong.png
  artifactKey: Guid(bed099dc59a42ec4ca7c2cdb9212d63f) Importer(815301076,1909f56bfc062723c751e8b465ee728b)
Start importing Assets/Visuals/Extra Clean UI/ShapedBlueLong.png using Guid(bed099dc59a42ec4ca7c2cdb9212d63f) Importer(815301076,1909f56bfc062723c751e8b465ee728b)  -> (artifact id: '48c2d61418ec51b66d1bbae07c5a65b0') in 0.024374 seconds
Number of updated asset objects reloaded before import = 0
Number of asset objects unloaded after import = 3
========================================================================
Received Import Request.
  Time since last request: 0.000045 seconds.
  path: Assets/Visuals/Extra Clean UI/ShapedGreenLong.png
  artifactKey: Guid(753118102f68c2b47b1be522bf846457) Importer(815301076,1909f56bfc062723c751e8b465ee728b)
Start importing Assets/Visuals/Extra Clean UI/ShapedGreenLong.png using Guid(753118102f68c2b47b1be522bf846457) Importer(815301076,1909f56bfc062723c751e8b465ee728b)  -> (artifact id: 'ea5d111d407fdfab21647bb3fec199d5') in 0.026197 seconds
Number of updated asset objects reloaded before import = 0
Number of asset objects unloaded after import = 3
========================================================================
Received Import Request.
  Time since last request: 13.590383 seconds.
  path: Assets/Visuals/Extra Clean UI/SmallButtonGreenPressed.png
  artifactKey: Guid(9be1dd628eff1ad4e9aa4837f154db40) Importer(815301076,1909f56bfc062723c751e8b465ee728b)
Start importing Assets/Visuals/Extra Clean UI/SmallButtonGreenPressed.png using Guid(9be1dd628eff1ad4e9aa4837f154db40) Importer(815301076,1909f56bfc062723c751e8b465ee728b)  -> (artifact id: 'c254fbbe37b109b29091763f6dfba59f') in 0.025987 seconds
Number of updated asset objects reloaded before import = 0
Number of asset objects unloaded after import = 3
========================================================================
Received Import Request.
  Time since last request: 0.000017 seconds.
  path: Assets/Visuals/Extra Clean UI/SmallButtonTurqoise.png
  artifactKey: Guid(9e7f2d6573fb56e4db4a631629692abb) Importer(815301076,1909f56bfc062723c751e8b465ee728b)
Start importing Assets/Visuals/Extra Clean UI/SmallButtonTurqoise.png using Guid(9e7f2d6573fb56e4db4a631629692abb) Importer(815301076,1909f56bfc062723c751e8b465ee728b)  -> (artifact id: '82065090f019565e98b3276881f32945') in 0.024794 seconds
Number of updated asset objects reloaded before import = 0
Number of asset objects unloaded after import = 3
========================================================================
Received Import Request.
  Time since last request: 0.039653 seconds.
  path: Assets/Visuals/Extra Clean UI/TableSimple.png
  artifactKey: Guid(3e31f9bd50029c144a9977234337bee4) Importer(815301076,1909f56bfc062723c751e8b465ee728b)
Start importing Assets/Visuals/Extra Clean UI/TableSimple.png using Guid(3e31f9bd50029c144a9977234337bee4) Importer(815301076,1909f56bfc062723c751e8b465ee728b)  -> (artifact id: '3623b6a6d868f4699de640acbdef0e81') in 0.026043 seconds
Number of updated asset objects reloaded before import = 0
Number of asset objects unloaded after import = 3
========================================================================
Received Import Request.
  Time since last request: 0.000012 seconds.
  path: Assets/Visuals/Extra Clean UI/TableSmallRound.png
  artifactKey: Guid(e9ca4233725de70479ba0dddc1f77e6d) Importer(815301076,1909f56bfc062723c751e8b465ee728b)
Start importing Assets/Visuals/Extra Clean UI/TableSmallRound.png using Guid(e9ca4233725de70479ba0dddc1f77e6d) Importer(815301076,1909f56bfc062723c751e8b465ee728b)  -> (artifact id: 'dc34e9fde3c2befc78edb44bd92f8a98') in 0.025708 seconds
Number of updated asset objects reloaded before import = 0
Number of asset objects unloaded after import = 3
========================================================================
Received Import Request.
  Time since last request: 0.739300 seconds.
  path: Assets/Visuals/Extra Clean UI/TurquisePressed.png
  artifactKey: Guid(30da6fdae78118f4ea7f0d7e1f14dd46) Importer(815301076,1909f56bfc062723c751e8b465ee728b)
Start importing Assets/Visuals/Extra Clean UI/TurquisePressed.png using Guid(30da6fdae78118f4ea7f0d7e1f14dd46) Importer(815301076,1909f56bfc062723c751e8b465ee728b)  -> (artifact id: 'c17b0a1a988bef94fd40bc204ea10f07') in 0.031737 seconds
Number of updated asset objects reloaded before import = 0
Number of asset objects unloaded after import = 3
Editor requested this worker to shutdown with reason: Scaling down because of idle timeout
TcpMessagingSession - receive error: operation aborted. errorcode: 995, details: Bir iþ parçacýðý çýkýþý veya bir uygulama isteði nedeniyle G/Ç iþlemi iptal edildi.
AssetImportWorker is now disconnected from the server
Process exiting
Exiting without the bug reporter. Application will terminate with return code 0